{"numTotalTestSuites":674,"numPassedTestSuites":612,"numFailedTestSuites":62,"numPendingTestSuites":0,"numTotalTests":1569,"numPassedTests":1458,"numFailedTests":110,"numPendingTests":1,"numTodoTests":0,"snapshot":{"added":0,"failure":false,"filesAdded":0,"filesRemoved":0,"filesRemovedList":[],"filesUnmatched":0,"filesUpdated":0,"matched":0,"total":0,"unchecked":0,"uncheckedKeysByFile":[],"unmatched":0,"updated":0,"didUpdate":false},"startTime":1776639317792,"success":false,"testResults":[{"assertionResults":[{"ancestorTitles":["formatIssueCreated"],"fullName":"formatIssueCreated includes identifier and title in output","status":"passed","title":"includes identifier and title in output","duration":2.1404660000000035,"failureMessages":[],"meta":{}},{"ancestorTitles":["formatIssueCreated"],"fullName":"formatIssueCreated includes optional metadata when present","status":"passed","title":"includes optional metadata when present","duration":0.4230580000000259,"failureMessages":[],"meta":{}},{"ancestorTitles":["formatIssueCreated"],"fullName":"formatIssueCreated falls back to entityId when identifier is missing","status":"passed","title":"falls back to entityId when identifier is missing","duration":0.22213900000002695,"failureMessages":[],"meta":{}},{"ancestorTitles":["formatIssueCreated"],"fullName":"formatIssueCreated truncates long descriptions","status":"passed","title":"truncates long descriptions","duration":0.34116299999999455,"failureMessages":[],"meta":{}},{"ancestorTitles":["formatIssueDone"],"fullName":"formatIssueDone formats completed issue message","status":"passed","title":"formats completed issue message","duration":0.5740930000000048,"failureMessages":[],"meta":{}},{"ancestorTitles":["formatApprovalCreated"],"fullName":"formatApprovalCreated formats approval with inline keyboard buttons","status":"passed","title":"formats approval with inline keyboard buttons","duration":2.1340640000000235,"failureMessages":[],"meta":{}},{"ancestorTitles":["formatApprovalCreated"],"fullName":"formatApprovalCreated includes linked issues when present","status":"passed","title":"includes linked issues when present","duration":0.35445800000002237,"failureMessages":[],"meta":{}},{"ancestorTitles":["formatApprovalCreated"],"fullName":"formatApprovalCreated falls back to entityId when approvalId is missing","status":"passed","title":"falls back to entityId when approvalId is missing","duration":0.15739700000000312,"failureMessages":[],"meta":{}},{"ancestorTitles":["formatAgentError"],"fullName":"formatAgentError formats agent error with message","status":"passed","title":"formats agent error with message","duration":1.8394979999999919,"failureMessages":[],"meta":{}},{"ancestorTitles":["formatAgentError"],"fullName":"formatAgentError falls back to name field when agentName is missing","status":"passed","title":"falls back to name field when agentName is missing","duration":0.22593599999999014,"failureMessages":[],"meta":{}},{"ancestorTitles":["formatAgentRunStarted"],"fullName":"formatAgentRunStarted formats run started notification","status":"passed","title":"formats run started notification","duration":0.2573759999999652,"failureMessages":[],"meta":{}},{"ancestorTitles":["formatAgentRunFinished"],"fullName":"formatAgentRunFinished formats run finished notification","status":"passed","title":"formats run finished notification","duration":0.36864499999995815,"failureMessages":[],"meta":{}}],"startTime":1776639328951,"endTime":1776639328960.3687,"status":"passed","message":"","name":"/paperclip/workspaces/paperclip/packages/plugins/plugin-telegram/tests/formatters.test.ts"},{"assertionResults":[{"ancestorTitles":["escapeMarkdownV2"],"fullName":"escapeMarkdownV2 escapes all MarkdownV2 special characters","status":"passed","title":"escapes all MarkdownV2 special characters","duration":2.3346219999999676,"failureMessages":[],"meta":{}},{"ancestorTitles":["escapeMarkdownV2"],"fullName":"escapeMarkdownV2 leaves plain text unchanged","status":"passed","title":"leaves plain text unchanged","duration":1.2168550000000096,"failureMessages":[],"meta":{}},{"ancestorTitles":["escapeMarkdownV2"],"fullName":"escapeMarkdownV2 handles empty string","status":"passed","title":"handles empty string","duration":0.15512300000000323,"failureMessages":[],"meta":{}},{"ancestorTitles":["escapeMarkdownV2"],"fullName":"escapeMarkdownV2 escapes consecutive special characters","status":"passed","title":"escapes consecutive special characters","duration":0.3749770000000012,"failureMessages":[],"meta":{}},{"ancestorTitles":["truncateAtWord"],"fullName":"truncateAtWord returns text unchanged when within limit","status":"passed","title":"returns text unchanged when within limit","duration":0.17839600000002065,"failureMessages":[],"meta":{}},{"ancestorTitles":["truncateAtWord"],"fullName":"truncateAtWord returns text unchanged when exactly at limit","status":"passed","title":"returns text unchanged when exactly at limit","duration":0.4116860000000315,"failureMessages":[],"meta":{}},{"ancestorTitles":["truncateAtWord"],"fullName":"truncateAtWord truncates at word boundary and appends ellipsis","status":"passed","title":"truncates at word boundary and appends ellipsis","duration":0.16622300000000223,"failureMessages":[],"meta":{}},{"ancestorTitles":["truncateAtWord"],"fullName":"truncateAtWord truncates at maxLen when no suitable word boundary exists","status":"passed","title":"truncates at maxLen when no suitable word boundary exists","duration":0.1163190000000327,"failureMessages":[],"meta":{}},{"ancestorTitles":["truncateAtWord"],"fullName":"truncateAtWord handles single-word text longer than limit","status":"passed","title":"handles single-word text longer than limit","duration":0.3100549999999771,"failureMessages":[],"meta":{}}],"startTime":1776639330873,"endTime":1776639330879.31,"status":"passed","message":"","name":"/paperclip/workspaces/paperclip/packages/plugins/plugin-telegram/tests/telegram-api.test.ts"},{"assertionResults":[{"ancestorTitles":["buildCodexLocalConfig"],"fullName":"buildCodexLocalConfig persists the fastMode toggle into adapter config","status":"passed","title":"persists the fastMode toggle into adapter config","duration":3.1213070000000016,"failureMessages":[],"meta":{}}],"startTime":1776639332678,"endTime":1776639332681.1213,"status":"passed","message":"","name":"/paperclip/workspaces/paperclip/packages/adapters/codex-local/src/ui/build-config.test.ts"},{"assertionResults":[{"ancestorTitles":["parseCodexStdoutLine"],"fullName":"parseCodexStdoutLine marks completed tool_use items as resolved tool results","status":"passed","title":"marks completed tool_use items as resolved tool results","duration":4.307211999999993,"failureMessages":[],"meta":{}},{"ancestorTitles":["parseCodexStdoutLine"],"fullName":"parseCodexStdoutLine keeps explicit tool_result payloads authoritative after tool_use completion","status":"passed","title":"keeps explicit tool_result payloads authoritative after tool_use completion","duration":0.2636669999999981,"failureMessages":[],"meta":{}},{"ancestorTitles":["parseCodexStdoutLine"],"fullName":"parseCodexStdoutLine marks failed completed tool_use items as error results","status":"passed","title":"marks failed completed tool_use items as error results","duration":0.20104899999995496,"failureMessages":[],"meta":{}}],"startTime":1776639331426,"endTime":1776639331431.2637,"status":"passed","message":"","name":"/paperclip/workspaces/paperclip/packages/adapters/codex-local/src/ui/parse-stdout.test.ts"},{"assertionResults":[{"ancestorTitles":["buildCodexExecArgs"],"fullName":"buildCodexExecArgs enables Codex fast mode overrides for GPT-5.4","status":"passed","title":"enables Codex fast mode overrides for GPT-5.4","duration":2.311608999999976,"failureMessages":[],"meta":{}},{"ancestorTitles":["buildCodexExecArgs"],"fullName":"buildCodexExecArgs ignores fast mode for unsupported models","status":"passed","title":"ignores fast mode for unsupported models","duration":0.5906139999999596,"failureMessages":[],"meta":{}}],"startTime":1776639331682,"endTime":1776639331685.5906,"status":"passed","message":"","name":"/paperclip/workspaces/paperclip/packages/adapters/codex-local/src/server/codex-args.test.ts"},{"assertionResults":[{"ancestorTitles":["parseCodexJsonl"],"fullName":"parseCodexJsonl captures session id, assistant summary, usage, and error message","status":"passed","title":"captures session id, assistant summary, usage, and error message","duration":2.1066730000000007,"failureMessages":[],"meta":{}},{"ancestorTitles":["parseCodexJsonl"],"fullName":"parseCodexJsonl uses the last agent message as the summary when commentary updates precede the final answer","status":"passed","title":"uses the last agent message as the summary when commentary updates precede the final answer","duration":0.3242520000000013,"failureMessages":[],"meta":{}},{"ancestorTitles":["isCodexUnknownSessionError"],"fullName":"isCodexUnknownSessionError detects the current missing-rollout thread error","status":"passed","title":"detects the current missing-rollout thread error","duration":0.42438000000004195,"failureMessages":[],"meta":{}},{"ancestorTitles":["isCodexUnknownSessionError"],"fullName":"isCodexUnknownSessionError still detects existing stale-session wordings","status":"passed","title":"still detects existing stale-session wordings","duration":0.3037530000000288,"failureMessages":[],"meta":{}},{"ancestorTitles":["isCodexUnknownSessionError"],"fullName":"isCodexUnknownSessionError does not classify unrelated Codex failures as stale sessions","status":"passed","title":"does not classify unrelated Codex failures as stale sessions","duration":0.15844899999996187,"failureMessages":[],"meta":{}}],"startTime":1776639331738,"endTime":1776639331742.1584,"status":"passed","message":"","name":"/paperclip/workspaces/paperclip/packages/adapters/codex-local/src/server/parse.test.ts"},{"assertionResults":[{"ancestorTitles":["CodexRpcClient spawn failures"],"fullName":"CodexRpcClient spawn failures does not crash the process when codex is missing; getQuotaWindows returns ok: false","status":"passed","title":"does not crash the process when codex is missing; getQuotaWindows returns ok: false","duration":4.505306000000019,"failureMessages":[],"meta":{}}],"startTime":1776639331970,"endTime":1776639331974.5054,"status":"passed","message":"","name":"/paperclip/workspaces/paperclip/packages/adapters/codex-local/src/server/quota-spawn-error.test.ts"},{"assertionResults":[{"ancestorTitles":["openCode models"],"fullName":"openCode models returns an empty list when discovery command is unavailable","status":"passed","title":"returns an empty list when discovery command is unavailable","duration":9.930427000000009,"failureMessages":[],"meta":{}},{"ancestorTitles":["openCode models"],"fullName":"openCode models rejects when model is missing","status":"passed","title":"rejects when model is missing","duration":1.5372489999999743,"failureMessages":[],"meta":{}},{"ancestorTitles":["openCode models"],"fullName":"openCode models rejects when discovery cannot run for configured model","status":"passed","title":"rejects when discovery cannot run for configured model","duration":6.1912849999999935,"failureMessages":[],"meta":{}}],"startTime":1776639328567,"endTime":1776639328584.1914,"status":"passed","message":"","name":"/paperclip/workspaces/paperclip/packages/adapters/opencode-local/src/server/models.test.ts"},{"assertionResults":[{"ancestorTitles":["parseOpenCodeJsonl"],"fullName":"parseOpenCodeJsonl parses assistant text, usage, cost, and errors","status":"passed","title":"parses assistant text, usage, cost, and errors","duration":2.1247359999999844,"failureMessages":[],"meta":{}},{"ancestorTitles":["parseOpenCodeJsonl"],"fullName":"parseOpenCodeJsonl detects unknown session errors","status":"passed","title":"detects unknown session errors","duration":0.35431799999997793,"failureMessages":[],"meta":{}}],"startTime":1776639331639,"endTime":1776639331641.3542,"status":"passed","message":"","name":"/paperclip/workspaces/paperclip/packages/adapters/opencode-local/src/server/parse.test.ts"},{"assertionResults":[{"ancestorTitles":["prepareOpenCodeRuntimeConfig"],"fullName":"prepareOpenCodeRuntimeConfig injects an external_directory allow rule by default","status":"passed","title":"injects an external_directory allow rule by default","duration":9.779541999999992,"failureMessages":[],"meta":{}},{"ancestorTitles":["prepareOpenCodeRuntimeConfig"],"fullName":"prepareOpenCodeRuntimeConfig respects explicit opt-out","status":"passed","title":"respects explicit opt-out","duration":2.3494609999999625,"failureMessages":[],"meta":{}}],"startTime":1776639328563,"endTime":1776639328575.3494,"status":"passed","message":"","name":"/paperclip/workspaces/paperclip/packages/adapters/opencode-local/src/server/runtime-config.test.ts"},{"assertionResults":[{"ancestorTitles":["constants"],"fullName":"constants defines expected plugin identity","status":"passed","title":"defines expected plugin identity","duration":1.0549599999999941,"failureMessages":[],"meta":{}},{"ancestorTitles":["constants"],"fullName":"constants defines all tool names","status":"passed","title":"defines all tool names","duration":0.33808700000003,"failureMessages":[],"meta":{}},{"ancestorTitles":["constants"],"fullName":"constants defines all data keys","status":"passed","title":"defines all data keys","duration":0.23485299999998688,"failureMessages":[],"meta":{}},{"ancestorTitles":["constants"],"fullName":"constants provides sensible default config","status":"passed","title":"provides sensible default config","duration":0.31081599999998843,"failureMessages":[],"meta":{}},{"ancestorTitles":["manifest"],"fullName":"manifest has correct id and version","status":"passed","title":"has correct id and version","duration":0.26067199999999957,"failureMessages":[],"meta":{}},{"ancestorTitles":["manifest"],"fullName":"manifest declares required capabilities","status":"passed","title":"declares required capabilities","duration":1.003672999999992,"failureMessages":[],"meta":{}},{"ancestorTitles":["manifest"],"fullName":"manifest declares all three tools","status":"passed","title":"declares all three tools","duration":0.49731800000000703,"failureMessages":[],"meta":{}},{"ancestorTitles":["manifest"],"fullName":"manifest requires issueId on getIssue tool","status":"passed","title":"requires issueId on getIssue tool","duration":0.29074900000000525,"failureMessages":[],"meta":{}},{"ancestorTitles":["manifest"],"fullName":"manifest requires query on search tool","status":"passed","title":"requires query on search tool","duration":0.4612399999999752,"failureMessages":[],"meta":{}},{"ancestorTitles":["manifest"],"fullName":"manifest declares config schema with required fields","status":"passed","title":"declares config schema with required fields","duration":0.39049599999998463,"failureMessages":[],"meta":{}},{"ancestorTitles":["manifest"],"fullName":"manifest declares UI slots for page, settings, dashboard, and sidebar","status":"passed","title":"declares UI slots for page, settings, dashboard, and sidebar","duration":0.5945509999999672,"failureMessages":[],"meta":{}},{"ancestorTitles":["manifest"],"fullName":"manifest uses org-scoped API path pattern in tool descriptions","status":"passed","title":"uses org-scoped API path pattern in tool descriptions","duration":0.1591299999999478,"failureMessages":[],"meta":{}},{"ancestorTitles":["manifest"],"fullName":"manifest supports self-hosted Sentry via sentryBaseUrl config","status":"passed","title":"supports self-hosted Sentry via sentryBaseUrl config","duration":0.16273700000004965,"failureMessages":[],"meta":{}},{"ancestorTitles":["manifest"],"fullName":"manifest lists sort options for listIssues tool","status":"passed","title":"lists sort options for listIssues tool","duration":0.7869539999999802,"failureMessages":[],"meta":{}},{"ancestorTitles":["manifest"],"fullName":"manifest lists level options for search tool","status":"passed","title":"lists level options for search tool","duration":0.19936500000000024,"failureMessages":[],"meta":{}}],"startTime":1776639330384,"endTime":1776639330391.7869,"status":"passed","message":"","name":"/paperclip/workspaces/paperclip/packages/plugins/plugin-sentry/tests/plugin.test.ts"},{"assertionResults":[{"ancestorTitles":["knowledge-base plugin"],"fullName":"knowledge-base plugin kb-write creates a new entry","status":"passed","title":"kb-write creates a new entry","duration":2.7910729999998694,"failureMessages":[],"meta":{}},{"ancestorTitles":["knowledge-base plugin"],"fullName":"knowledge-base plugin kb-write returns error for missing fields","status":"passed","title":"kb-write returns error for missing fields","duration":0.24904000000015003,"failureMessages":[],"meta":{}},{"ancestorTitles":["knowledge-base plugin"],"fullName":"knowledge-base plugin kb-read returns empty when no entries exist","status":"passed","title":"kb-read returns empty when no entries exist","duration":0.795741000000362,"failureMessages":[],"meta":{}},{"ancestorTitles":["knowledge-base plugin"],"fullName":"knowledge-base plugin kb-read finds entries matching a query","status":"passed","title":"kb-read finds entries matching a query","duration":0.379055000000335,"failureMessages":[],"meta":{}},{"ancestorTitles":["knowledge-base plugin"],"fullName":"knowledge-base plugin kb-read filters by tags","status":"passed","title":"kb-read filters by tags","duration":0.32550399999990987,"failureMessages":[],"meta":{}},{"ancestorTitles":["knowledge-base plugin"],"fullName":"knowledge-base plugin kb-update modifies an existing entry","status":"passed","title":"kb-update modifies an existing entry","duration":0.40003500000011627,"failureMessages":[],"meta":{}},{"ancestorTitles":["knowledge-base plugin"],"fullName":"knowledge-base plugin kb-update returns not_found for unknown id","status":"passed","title":"kb-update returns not_found for unknown id","duration":0.2620939999997063,"failureMessages":[],"meta":{}},{"ancestorTitles":["knowledge-base plugin"],"fullName":"knowledge-base plugin kb-deprecate marks an entry as deprecated","status":"passed","title":"kb-deprecate marks an entry as deprecated","duration":0.3671729999996387,"failureMessages":[],"meta":{}},{"ancestorTitles":["knowledge-base plugin"],"fullName":"knowledge-base plugin kb-deprecate returns not_found for unknown id","status":"passed","title":"kb-deprecate returns not_found for unknown id","duration":0.27602999999999156,"failureMessages":[],"meta":{}}],"startTime":1776639332229,"endTime":1776639332235.3672,"status":"passed","message":"","name":"/paperclip/workspaces/paperclip/packages/plugins/plugin-knowledge-base/tests/plugin.spec.ts"},{"assertionResults":[{"ancestorTitles":["createBufferedTextFileWriter"],"fullName":"createBufferedTextFileWriter preserves line boundaries across buffered flushes","status":"passed","title":"preserves line boundaries across buffered flushes","duration":5.386969000000136,"failureMessages":[],"meta":{}},{"ancestorTitles":["runDatabaseBackup"],"fullName":"runDatabaseBackup backs up and restores large table payloads without materializing one giant string","status":"passed","title":"backs up and restores large table payloads without materializing one giant string","duration":6646.969569000001,"failureMessages":[],"meta":{}},{"ancestorTitles":["runDatabaseBackup"],"fullName":"runDatabaseBackup restores statements incrementally when backup comments precede the first breakpoint","status":"passed","title":"restores statements incrementally when backup comments precede the first breakpoint","duration":2184.759688,"failureMessages":[],"meta":{}}],"startTime":1776639321394,"endTime":1776639330231.7598,"status":"passed","message":"","name":"/paperclip/workspaces/paperclip/packages/db/src/backup-lib.test.ts"},{"assertionResults":[{"ancestorTitles":["applyPendingMigrations"],"fullName":"applyPendingMigrations applies an inserted earlier migration without replaying later legacy migrations","status":"passed","title":"applies an inserted earlier migration without replaying later legacy migrations","duration":5287.3053,"failureMessages":[],"meta":{}},{"ancestorTitles":["applyPendingMigrations"],"fullName":"applyPendingMigrations replays migration 0044 safely when its schema changes already exist","status":"passed","title":"replays migration 0044 safely when its schema changes already exist","duration":2865.3289430000004,"failureMessages":[],"meta":{}},{"ancestorTitles":["applyPendingMigrations"],"fullName":"applyPendingMigrations enforces a unique board_api_keys.key_hash after migration 0044","status":"passed","title":"enforces a unique board_api_keys.key_hash after migration 0044","duration":2188.4419529999996,"failureMessages":[],"meta":{}},{"ancestorTitles":["applyPendingMigrations"],"fullName":"applyPendingMigrations replays migration 0046 safely when document revision columns already exist","status":"passed","title":"replays migration 0046 safely when document revision columns already exist","duration":2593.1996070000005,"failureMessages":[],"meta":{}},{"ancestorTitles":["applyPendingMigrations"],"fullName":"applyPendingMigrations replays migration 0047 safely when feedback tables and run columns already exist","status":"passed","title":"replays migration 0047 safely when feedback tables and run columns already exist","duration":2125.6525660000007,"failureMessages":[],"meta":{}},{"ancestorTitles":["applyPendingMigrations"],"fullName":"applyPendingMigrations replays migration 0048 safely when routines.variables already exists","status":"passed","title":"replays migration 0048 safely when routines.variables already exists","duration":1427.9168390000013,"failureMessages":[],"meta":{}},{"ancestorTitles":["applyPendingMigrations"],"fullName":"applyPendingMigrations replays migration 0050 safely when projects.env already exists","status":"passed","title":"replays migration 0050 safely when projects.env already exists","duration":1430.097461999998,"failureMessages":[],"meta":{}}],"startTime":1776639321393,"endTime":1776639339312.0974,"status":"passed","message":"","name":"/paperclip/workspaces/paperclip/packages/db/src/client.test.ts"},{"assertionResults":[{"ancestorTitles":["formatEmbeddedPostgresError"],"fullName":"formatEmbeddedPostgresError adds a shared-memory hint when initdb logs expose the real cause","status":"passed","title":"adds a shared-memory hint when initdb logs expose the real cause","duration":2.03180100000003,"failureMessages":[],"meta":{}},{"ancestorTitles":["formatEmbeddedPostgresError"],"fullName":"formatEmbeddedPostgresError keeps only recent non-empty log lines in the collector","status":"passed","title":"keeps only recent non-empty log lines in the collector","duration":0.9495009999999979,"failureMessages":[],"meta":{}}],"startTime":1776639331339,"endTime":1776639331341.9495,"status":"passed","message":"","name":"/paperclip/workspaces/paperclip/packages/db/src/embedded-postgres-error.test.ts"},{"assertionResults":[{"ancestorTitles":["resolveDatabaseTarget"],"fullName":"resolveDatabaseTarget uses DATABASE_URL from process env first","status":"passed","title":"uses DATABASE_URL from process env first","duration":2.643344999999954,"failureMessages":[],"meta":{}},{"ancestorTitles":["resolveDatabaseTarget"],"fullName":"resolveDatabaseTarget uses DATABASE_URL from repo-local .paperclip/.env","status":"failed","title":"uses DATABASE_URL from repo-local .paperclip/.env","duration":10.314801999999986,"failureMessages":["AssertionError: expected { mode: 'postgres', …(4) } to match object { mode: 'postgres', …(2) }\n(2 matching properties omitted from actual)\n    at Proxy.<anonymous> (file:///paperclip/workspaces/paperclip/node_modules/.pnpm/@vitest+expect@3.2.4/node_modules/@vitest/expect/dist/index.js:1155:10)\n    at Proxy.<anonymous> (file:///paperclip/workspaces/paperclip/node_modules/.pnpm/@vitest+expect@3.2.4/node_modules/@vitest/expect/dist/index.js:1029:14)\n    at Proxy.methodWrapper (file:///paperclip/workspaces/paperclip/node_modules/.pnpm/chai@5.3.3/node_modules/chai/index.js:1686:25)\n    at /paperclip/workspaces/paperclip/packages/db/src/runtime-config.test.ts:60:20\n    at file:///paperclip/workspaces/paperclip/node_modules/.pnpm/@vitest+runner@3.2.4/node_modules/@vitest/runner/dist/chunk-hooks.js:155:11\n    at file:///paperclip/workspaces/paperclip/node_modules/.pnpm/@vitest+runner@3.2.4/node_modules/@vitest/runner/dist/chunk-hooks.js:752:26\n    at file:///paperclip/workspaces/paperclip/node_modules/.pnpm/@vitest+runner@3.2.4/node_modules/@vitest/runner/dist/chunk-hooks.js:1897:20\n    at new Promise (<anonymous>)\n    at runWithTimeout (file:///paperclip/workspaces/paperclip/node_modules/.pnpm/@vitest+runner@3.2.4/node_modules/@vitest/runner/dist/chunk-hooks.js:1863:10)\n    at runTest (file:///paperclip/workspaces/paperclip/node_modules/.pnpm/@vitest+runner@3.2.4/node_modules/@vitest/runner/dist/chunk-hooks.js:1574:12)"],"meta":{}},{"ancestorTitles":["resolveDatabaseTarget"],"fullName":"resolveDatabaseTarget uses config postgres connection string when configured","status":"failed","title":"uses config postgres connection string when configured","duration":2.2829849999999396,"failureMessages":["AssertionError: expected { mode: 'postgres', …(4) } to match object { mode: 'postgres', …(2) }\n(2 matching properties omitted from actual)\n    at Proxy.<anonymous> (file:///paperclip/workspaces/paperclip/node_modules/.pnpm/@vitest+expect@3.2.4/node_modules/@vitest/expect/dist/index.js:1155:10)\n    at Proxy.<anonymous> (file:///paperclip/workspaces/paperclip/node_modules/.pnpm/@vitest+expect@3.2.4/node_modules/@vitest/expect/dist/index.js:1029:14)\n    at Proxy.methodWrapper (file:///paperclip/workspaces/paperclip/node_modules/.pnpm/chai@5.3.3/node_modules/chai/index.js:1686:25)\n    at /paperclip/workspaces/paperclip/packages/db/src/runtime-config.test.ts:80:20\n    at file:///paperclip/workspaces/paperclip/node_modules/.pnpm/@vitest+runner@3.2.4/node_modules/@vitest/runner/dist/chunk-hooks.js:155:11\n    at file:///paperclip/workspaces/paperclip/node_modules/.pnpm/@vitest+runner@3.2.4/node_modules/@vitest/runner/dist/chunk-hooks.js:752:26\n    at file:///paperclip/workspaces/paperclip/node_modules/.pnpm/@vitest+runner@3.2.4/node_modules/@vitest/runner/dist/chunk-hooks.js:1897:20\n    at new Promise (<anonymous>)\n    at runWithTimeout (file:///paperclip/workspaces/paperclip/node_modules/.pnpm/@vitest+runner@3.2.4/node_modules/@vitest/runner/dist/chunk-hooks.js:1863:10)\n    at runTest (file:///paperclip/workspaces/paperclip/node_modules/.pnpm/@vitest+runner@3.2.4/node_modules/@vitest/runner/dist/chunk-hooks.js:1574:12)"],"meta":{}},{"ancestorTitles":["resolveDatabaseTarget"],"fullName":"resolveDatabaseTarget falls back to embedded postgres settings from config","status":"failed","title":"falls back to embedded postgres settings from config","duration":1.9172049999999672,"failureMessages":["AssertionError: expected { mode: 'postgres', …(4) } to match object { mode: 'embedded-postgres', …(3) }\n(3 matching properties omitted from actual)\n    at Proxy.<anonymous> (file:///paperclip/workspaces/paperclip/node_modules/.pnpm/@vitest+expect@3.2.4/node_modules/@vitest/expect/dist/index.js:1155:10)\n    at Proxy.<anonymous> (file:///paperclip/workspaces/paperclip/node_modules/.pnpm/@vitest+expect@3.2.4/node_modules/@vitest/expect/dist/index.js:1029:14)\n    at Proxy.methodWrapper (file:///paperclip/workspaces/paperclip/node_modules/.pnpm/chai@5.3.3/node_modules/chai/index.js:1686:25)\n    at /paperclip/workspaces/paperclip/packages/db/src/runtime-config.test.ts:101:20\n    at file:///paperclip/workspaces/paperclip/node_modules/.pnpm/@vitest+runner@3.2.4/node_modules/@vitest/runner/dist/chunk-hooks.js:155:11\n    at file:///paperclip/workspaces/paperclip/node_modules/.pnpm/@vitest+runner@3.2.4/node_modules/@vitest/runner/dist/chunk-hooks.js:752:26\n    at file:///paperclip/workspaces/paperclip/node_modules/.pnpm/@vitest+runner@3.2.4/node_modules/@vitest/runner/dist/chunk-hooks.js:1897:20\n    at new Promise (<anonymous>)\n    at runWithTimeout (file:///paperclip/workspaces/paperclip/node_modules/.pnpm/@vitest+runner@3.2.4/node_modules/@vitest/runner/dist/chunk-hooks.js:1863:10)\n    at runTest (file:///paperclip/workspaces/paperclip/node_modules/.pnpm/@vitest+runner@3.2.4/node_modules/@vitest/runner/dist/chunk-hooks.js:1574:12)"],"meta":{}}],"startTime":1776639318433,"endTime":1776639318449.9172,"status":"failed","message":"","name":"/paperclip/workspaces/paperclip/packages/db/src/runtime-config.test.ts"},{"assertionResults":[{"ancestorTitles":["activity routes"],"fullName":"activity routes resolves issue identifiers before loading runs","status":"passed","title":"resolves issue identifiers before loading runs","duration":215.02297599999997,"failureMessages":[],"meta":{}},{"ancestorTitles":["activity routes"],"fullName":"activity routes requires company access before creating activity events","status":"passed","title":"requires company access before creating activity events","duration":124.18330300000002,"failureMessages":[],"meta":{}},{"ancestorTitles":["activity routes"],"fullName":"activity routes requires company access before listing issues for another company's run","status":"passed","title":"requires company access before listing issues for another company's run","duration":168.045297,"failureMessages":[],"meta":{}},{"ancestorTitles":["activity routes"],"fullName":"activity routes rejects anonymous heartbeat run issue lookups before run existence checks","status":"passed","title":"rejects anonymous heartbeat run issue lookups before run existence checks","duration":209.50451999999996,"failureMessages":[],"meta":{}}],"startTime":1776639326124,"endTime":1776639326841.5046,"status":"passed","message":"","name":"/paperclip/workspaces/paperclip/server/src/__tests__/activity-routes.test.ts"},{"assertionResults":[{"ancestorTitles":["activity service"],"fullName":"activity service returns compact usage and result summaries for issue runs","status":"passed","title":"returns compact usage and result summaries for issue runs","duration":170.81911799999943,"failureMessages":[],"meta":{}}],"startTime":1776639325542,"endTime":1776639325712.819,"status":"passed","message":"","name":"/paperclip/workspaces/paperclip/server/src/__tests__/activity-service.test.ts"},{"assertionResults":[{"ancestorTitles":["adapter model listing"],"fullName":"adapter model listing returns an empty list for unknown adapters","status":"passed","title":"returns an empty list for unknown adapters","duration":1.815033000000085,"failureMessages":[],"meta":{}},{"ancestorTitles":["adapter model listing"],"fullName":"adapter model listing returns codex fallback models when no OpenAI key is available","status":"passed","title":"returns codex fallback models when no OpenAI key is available","duration":2.0813150000001315,"failureMessages":[],"meta":{}},{"ancestorTitles":["adapter model listing"],"fullName":"adapter model listing loads codex models dynamically and merges fallback options","status":"passed","title":"loads codex models dynamically and merges fallback options","duration":9.883117000000084,"failureMessages":[],"meta":{}},{"ancestorTitles":["adapter model listing"],"fullName":"adapter model listing falls back to static codex models when OpenAI model discovery fails","status":"passed","title":"falls back to static codex models when OpenAI model discovery fails","duration":0.4592259999999442,"failureMessages":[],"meta":{}},{"ancestorTitles":["adapter model listing"],"fullName":"adapter model listing returns cursor fallback models when CLI discovery is unavailable","status":"passed","title":"returns cursor fallback models when CLI discovery is unavailable","duration":0.7050900000001548,"failureMessages":[],"meta":{}},{"ancestorTitles":["adapter model listing"],"fullName":"adapter model listing returns opencode fallback models including gpt-5.4","status":"passed","title":"returns opencode fallback models including gpt-5.4","duration":6.212354999999889,"failureMessages":[],"meta":{}},{"ancestorTitles":["adapter model listing"],"fullName":"adapter model listing loads cursor models dynamically and caches them","status":"passed","title":"loads cursor models dynamically and caches them","duration":1.3203799999998864,"failureMessages":[],"meta":{}}],"startTime":1776639329120,"endTime":1776639329142.3203,"status":"passed","message":"","name":"/paperclip/workspaces/paperclip/server/src/__tests__/adapter-models.test.ts"},{"assertionResults":[{"ancestorTitles":["server adapter registry"],"fullName":"server adapter registry registers external adapters and exposes them through lookup helpers","status":"passed","title":"registers external adapters and exposes them through lookup helpers","duration":2.000823000000082,"failureMessages":[],"meta":{}},{"ancestorTitles":["server adapter registry"],"fullName":"server adapter registry removes external adapters when unregistered","status":"passed","title":"removes external adapters when unregistered","duration":0.7746799999999894,"failureMessages":[],"meta":{}},{"ancestorTitles":["server adapter registry"],"fullName":"server adapter registry allows external plugin to override a built-in adapter type","status":"passed","title":"allows external plugin to override a built-in adapter type","duration":0.35418800000002193,"failureMessages":[],"meta":{}},{"ancestorTitles":["server adapter registry"],"fullName":"server adapter registry exposes capability flags from registered adapters","status":"passed","title":"exposes capability flags from registered adapters","duration":0.3480569999999261,"failureMessages":[],"meta":{}},{"ancestorTitles":["server adapter registry"],"fullName":"server adapter registry returns undefined for capability flags on adapters that do not set them","status":"passed","title":"returns undefined for capability flags on adapters that do not set them","duration":0.2392409999999927,"failureMessages":[],"meta":{}},{"ancestorTitles":["server adapter registry"],"fullName":"server adapter registry built-in claude_local adapter declares capability flags","status":"passed","title":"built-in claude_local adapter declares capability flags","duration":0.2968299999999999,"failureMessages":[],"meta":{}},{"ancestorTitles":["server adapter registry"],"fullName":"server adapter registry switches active adapter behavior back to the builtin when an override is paused","status":"passed","title":"switches active adapter behavior back to the builtin when an override is paused","duration":2.5535350000000108,"failureMessages":[],"meta":{}}],"startTime":1776639330156,"endTime":1776639330162.5535,"status":"passed","message":"","name":"/paperclip/workspaces/paperclip/server/src/__tests__/adapter-registry.test.ts"},{"assertionResults":[{"ancestorTitles":["adapter routes"],"fullName":"adapter routes GET /api/adapters includes capabilities object for each adapter","status":"passed","title":"GET /api/adapters includes capabilities object for each adapter","duration":389.851626,"failureMessages":[],"meta":{}},{"ancestorTitles":["adapter routes"],"fullName":"adapter routes GET /api/adapters returns correct capabilities for built-in adapters","status":"passed","title":"GET /api/adapters returns correct capabilities for built-in adapters","duration":212.428132,"failureMessages":[],"meta":{}},{"ancestorTitles":["adapter routes"],"fullName":"adapter routes GET /api/adapters derives supportsSkills from listSkills/syncSkills presence","status":"passed","title":"GET /api/adapters derives supportsSkills from listSkills/syncSkills presence","duration":190.46346299999993,"failureMessages":[],"meta":{}},{"ancestorTitles":["adapter routes"],"fullName":"adapter routes uses the active adapter when resolving config schema for a paused builtin override","status":"passed","title":"uses the active adapter when resolving config schema for a paused builtin override","duration":124.07450700000004,"failureMessages":[],"meta":{}}],"startTime":1776639324940,"endTime":1776639325857.0745,"status":"passed","message":"","name":"/paperclip/workspaces/paperclip/server/src/__tests__/adapter-routes.test.ts"},{"assertionResults":[{"ancestorTitles":["adapter session codecs"],"fullName":"adapter session codecs normalizes claude session params with cwd","status":"passed","title":"normalizes claude session params with cwd","duration":2.6670990000000074,"failureMessages":[],"meta":{}},{"ancestorTitles":["adapter session codecs"],"fullName":"adapter session codecs normalizes codex session params with cwd","status":"passed","title":"normalizes codex session params with cwd","duration":0.7773760000000038,"failureMessages":[],"meta":{}},{"ancestorTitles":["adapter session codecs"],"fullName":"adapter session codecs normalizes opencode session params with cwd","status":"passed","title":"normalizes opencode session params with cwd","duration":0.5366520000000037,"failureMessages":[],"meta":{}},{"ancestorTitles":["adapter session codecs"],"fullName":"adapter session codecs normalizes cursor session params with cwd","status":"passed","title":"normalizes cursor session params with cwd","duration":0.44716299999993225,"failureMessages":[],"meta":{}},{"ancestorTitles":["adapter session codecs"],"fullName":"adapter session codecs normalizes gemini session params with cwd","status":"passed","title":"normalizes gemini session params with cwd","duration":0.38748099999997976,"failureMessages":[],"meta":{}},{"ancestorTitles":["codex resume recovery detection"],"fullName":"codex resume recovery detection detects unknown session errors from codex output","status":"passed","title":"detects unknown session errors from codex output","duration":0.7480699999999842,"failureMessages":[],"meta":{}},{"ancestorTitles":["opencode resume recovery detection"],"fullName":"opencode resume recovery detection detects unknown session errors from opencode output","status":"passed","title":"detects unknown session errors from opencode output","duration":0.5237680000000182,"failureMessages":[],"meta":{}},{"ancestorTitles":["cursor resume recovery detection"],"fullName":"cursor resume recovery detection detects unknown session errors from cursor output","status":"passed","title":"detects unknown session errors from cursor output","duration":0.46867299999996703,"failureMessages":[],"meta":{}},{"ancestorTitles":["gemini resume recovery detection"],"fullName":"gemini resume recovery detection detects unknown session errors from gemini output","status":"passed","title":"detects unknown session errors from gemini output","duration":0.6571599999999762,"failureMessages":[],"meta":{}}],"startTime":1776639330224,"endTime":1776639330232.6572,"status":"passed","message":"","name":"/paperclip/workspaces/paperclip/server/src/__tests__/adapter-session-codecs.test.ts"},{"assertionResults":[{"ancestorTitles":["agent routes adapter validation"],"fullName":"agent routes adapter validation creates agents for dynamically registered external adapter types","status":"passed","title":"creates agents for dynamically registered external adapter types","duration":941.520381,"failureMessages":[],"meta":{}},{"ancestorTitles":["agent routes adapter validation"],"fullName":"agent routes adapter validation rejects unknown adapter types even when schema accepts arbitrary strings","status":"passed","title":"rejects unknown adapter types even when schema accepts arbitrary strings","duration":336.88875800000005,"failureMessages":[],"meta":{}}],"startTime":1776639321554,"endTime":1776639322832.8887,"status":"passed","message":"","name":"/paperclip/workspaces/paperclip/server/src/__tests__/agent-adapter-validation-routes.test.ts"},{"assertionResults":[{"ancestorTitles":["agent local JWT"],"fullName":"agent local JWT creates and verifies a token","status":"passed","title":"creates and verifies a token","duration":5.517315000000025,"failureMessages":[],"meta":{}},{"ancestorTitles":["agent local JWT"],"fullName":"agent local JWT returns null when secret is missing","status":"passed","title":"returns null when secret is missing","duration":0.9613830000000121,"failureMessages":[],"meta":{}},{"ancestorTitles":["agent local JWT"],"fullName":"agent local JWT falls back to BETTER_AUTH_SECRET when PAPERCLIP_AGENT_JWT_SECRET is absent","status":"passed","title":"falls back to BETTER_AUTH_SECRET when PAPERCLIP_AGENT_JWT_SECRET is absent","duration":0.9680759999999964,"failureMessages":[],"meta":{}},{"ancestorTitles":["agent local JWT"],"fullName":"agent local JWT rejects expired tokens","status":"passed","title":"rejects expired tokens","duration":0.5990390000000048,"failureMessages":[],"meta":{}},{"ancestorTitles":["agent local JWT"],"fullName":"agent local JWT rejects issuer/audience mismatch","status":"passed","title":"rejects issuer/audience mismatch","duration":0.6586520000000178,"failureMessages":[],"meta":{}}],"startTime":1776639329973,"endTime":1776639329981.6587,"status":"passed","message":"","name":"/paperclip/workspaces/paperclip/server/src/__tests__/agent-auth-jwt.test.ts"},{"assertionResults":[{"ancestorTitles":["agent cross-tenant route authorization"],"fullName":"agent cross-tenant route authorization rejects cross-tenant board pause before mutating the agent","status":"passed","title":"rejects cross-tenant board pause before mutating the agent","duration":31.996708000000126,"failureMessages":[],"meta":{}},{"ancestorTitles":["agent cross-tenant route authorization"],"fullName":"agent cross-tenant route authorization rejects cross-tenant board key listing before reading any keys","status":"passed","title":"rejects cross-tenant board key listing before reading any keys","duration":5.683469000000059,"failureMessages":[],"meta":{}},{"ancestorTitles":["agent cross-tenant route authorization"],"fullName":"agent cross-tenant route authorization rejects cross-tenant board key creation before minting a token","status":"passed","title":"rejects cross-tenant board key creation before minting a token","duration":4.454740000000129,"failureMessages":[],"meta":{}},{"ancestorTitles":["agent cross-tenant route authorization"],"fullName":"agent cross-tenant route authorization rejects cross-tenant board key revocation before touching the key","status":"passed","title":"rejects cross-tenant board key revocation before touching the key","duration":5.195838000000094,"failureMessages":[],"meta":{}},{"ancestorTitles":["agent cross-tenant route authorization"],"fullName":"agent cross-tenant route authorization requires the key to belong to the route agent before revocation","status":"passed","title":"requires the key to belong to the route agent before revocation","duration":4.050007999999707,"failureMessages":[],"meta":{}}],"startTime":1776639329653,"endTime":1776639329704.05,"status":"passed","message":"","name":"/paperclip/workspaces/paperclip/server/src/__tests__/agent-cross-tenant-authz-routes.test.ts"},{"assertionResults":[{"ancestorTitles":["agent instructions bundle routes"],"fullName":"agent instructions bundle routes returns bundle metadata","status":"passed","title":"returns bundle metadata","duration":2060.1769010000003,"failureMessages":[],"meta":{}},{"ancestorTitles":["agent instructions bundle routes"],"fullName":"agent instructions bundle routes writes a bundle file and persists compatibility config","status":"passed","title":"writes a bundle file and persists compatibility config","duration":330.2097240000003,"failureMessages":[],"meta":{}},{"ancestorTitles":["agent instructions bundle routes"],"fullName":"agent instructions bundle routes preserves managed instructions config when switching adapters","status":"passed","title":"preserves managed instructions config when switching adapters","duration":211.20929400000023,"failureMessages":[],"meta":{}},{"ancestorTitles":["agent instructions bundle routes"],"fullName":"agent instructions bundle routes merges same-adapter config patches so instructions metadata is not dropped","status":"passed","title":"merges same-adapter config patches so instructions metadata is not dropped","duration":221.4548850000001,"failureMessages":[],"meta":{}},{"ancestorTitles":["agent instructions bundle routes"],"fullName":"agent instructions bundle routes replaces adapter config when replaceAdapterConfig is true","status":"passed","title":"replaces adapter config when replaceAdapterConfig is true","duration":197.53775399999995,"failureMessages":[],"meta":{}}],"startTime":1776639318606,"endTime":1776639321627.5378,"status":"passed","message":"","name":"/paperclip/workspaces/paperclip/server/src/__tests__/agent-instructions-routes.test.ts"},{"assertionResults":[{"ancestorTitles":["agent instructions service"],"fullName":"agent instructions service copies the existing bundle into the managed root when switching to managed mode","status":"passed","title":"copies the existing bundle into the managed root when switching to managed mode","duration":24.667016999999987,"failureMessages":[],"meta":{}},{"ancestorTitles":["agent instructions service"],"fullName":"agent instructions service creates the target entry file when switching to a new external root","status":"passed","title":"creates the target entry file when switching to a new external root","duration":10.947985999999958,"failureMessages":[],"meta":{}},{"ancestorTitles":["agent instructions service"],"fullName":"agent instructions service filters junk files, dependency bundles, and python caches from bundle listings and exports","status":"passed","title":"filters junk files, dependency bundles, and python caches from bundle listings and exports","duration":21.4717,"failureMessages":[],"meta":{}},{"ancestorTitles":["agent instructions service"],"fullName":"agent instructions service recovers a managed bundle from disk when bundle config metadata is missing","status":"passed","title":"recovers a managed bundle from disk when bundle config metadata is missing","duration":9.978357000000017,"failureMessages":[],"meta":{}},{"ancestorTitles":["agent instructions service"],"fullName":"agent instructions service prefers the managed bundle on disk when managed metadata points at a stale root","status":"passed","title":"prefers the managed bundle on disk when managed metadata points at a stale root","duration":18.345385999999962,"failureMessages":[],"meta":{}},{"ancestorTitles":["agent instructions service"],"fullName":"agent instructions service heals stale managed metadata when writing bundle files","status":"passed","title":"heals stale managed metadata when writing bundle files","duration":8.849999999999966,"failureMessages":[],"meta":{}},{"ancestorTitles":["agent instructions service"],"fullName":"agent instructions service heals stale managed metadata when deleting bundle files","status":"passed","title":"heals stale managed metadata when deleting bundle files","duration":9.535641999999996,"failureMessages":[],"meta":{}},{"ancestorTitles":["agent instructions service"],"fullName":"agent instructions service recovers the managed bundle when stale root metadata is present but mode is missing","status":"passed","title":"recovers the managed bundle when stale root metadata is present but mode is missing","duration":5.274205999999992,"failureMessages":[],"meta":{}}],"startTime":1776639327001,"endTime":1776639327110.2742,"status":"passed","message":"","name":"/paperclip/workspaces/paperclip/server/src/__tests__/agent-instructions-service.test.ts"},{"assertionResults":[{"ancestorTitles":["agent live run routes"],"fullName":"agent live run routes returns a compact active run payload for issue polling","status":"passed","title":"returns a compact active run payload for issue polling","duration":836.566992,"failureMessages":[],"meta":{}},{"ancestorTitles":["agent live run routes"],"fullName":"agent live run routes ignores a stale execution run from another issue and falls back to the assignee's matching run","status":"passed","title":"ignores a stale execution run from another issue and falls back to the assignee's matching run","duration":228.0324079999998,"failureMessages":[],"meta":{}},{"ancestorTitles":["agent live run routes"],"fullName":"agent live run routes uses narrow run log metadata lookups for log polling","status":"passed","title":"uses narrow run log metadata lookups for log polling","duration":202.52026899999987,"failureMessages":[],"meta":{}}],"startTime":1776639322959,"endTime":1776639324226.5203,"status":"passed","message":"","name":"/paperclip/workspaces/paperclip/server/src/__tests__/agent-live-run-routes.test.ts"},{"assertionResults":[{"ancestorTitles":["agent permission routes"],"fullName":"agent permission routes redacts agent detail for authenticated company members without agent admin permission","status":"passed","title":"redacts agent detail for authenticated company members without agent admin permission","duration":2752.0702810000003,"failureMessages":[],"meta":{}},{"ancestorTitles":["agent permission routes"],"fullName":"agent permission routes redacts company agent list for authenticated company members without agent admin permission","status":"passed","title":"redacts company agent list for authenticated company members without agent admin permission","duration":260.47765400000026,"failureMessages":[],"meta":{}},{"ancestorTitles":["agent permission routes"],"fullName":"agent permission routes blocks agent updates for authenticated company members without agent admin permission","status":"passed","title":"blocks agent updates for authenticated company members without agent admin permission","duration":184.20933799999966,"failureMessages":[],"meta":{}},{"ancestorTitles":["agent permission routes"],"fullName":"agent permission routes blocks api key creation for authenticated company members without agent admin permission","status":"passed","title":"blocks api key creation for authenticated company members without agent admin permission","duration":191.7140199999999,"failureMessages":[],"meta":{}},{"ancestorTitles":["agent permission routes"],"fullName":"agent permission routes blocks wakeups for authenticated company members without agent admin permission","status":"passed","title":"blocks wakeups for authenticated company members without agent admin permission","duration":172.3959509999995,"failureMessages":[],"meta":{}},{"ancestorTitles":["agent permission routes"],"fullName":"agent permission routes blocks agent-authenticated self-updates that set host-executed workspace commands","status":"passed","title":"blocks agent-authenticated self-updates that set host-executed workspace commands","duration":226.3820169999999,"failureMessages":[],"meta":{}},{"ancestorTitles":["agent permission routes"],"fullName":"agent permission routes blocks agent-authenticated self-updates that set instructions bundle roots","status":"passed","title":"blocks agent-authenticated self-updates that set instructions bundle roots","duration":171.37537599999996,"failureMessages":[],"meta":{}},{"ancestorTitles":["agent permission routes"],"fullName":"agent permission routes blocks agent-authenticated instructions-path updates","status":"passed","title":"blocks agent-authenticated instructions-path updates","duration":258.18554099999983,"failureMessages":[],"meta":{}},{"ancestorTitles":["agent permission routes"],"fullName":"agent permission routes blocks agent-authenticated hires that set instructions bundle config","status":"passed","title":"blocks agent-authenticated hires that set instructions bundle config","duration":244.65211999999974,"failureMessages":[],"meta":{}},{"ancestorTitles":["agent permission routes"],"fullName":"agent permission routes grants tasks:assign by default when board creates a new agent","status":"passed","title":"grants tasks:assign by default when board creates a new agent","duration":193.57666300000074,"failureMessages":[],"meta":{}},{"ancestorTitles":["agent permission routes"],"fullName":"agent permission routes rejects unsupported query parameters on the agent list route","status":"passed","title":"rejects unsupported query parameters on the agent list route","duration":229.28753599999982,"failureMessages":[],"meta":{}},{"ancestorTitles":["agent permission routes"],"fullName":"agent permission routes normalizes direct agent creation to disable timer heartbeats by default","status":"passed","title":"normalizes direct agent creation to disable timer heartbeats by default","duration":203.72705399999995,"failureMessages":[],"meta":{}},{"ancestorTitles":["agent permission routes"],"fullName":"agent permission routes normalizes hire requests to disable timer heartbeats by default","status":"passed","title":"normalizes hire requests to disable timer heartbeats by default","duration":150.2634339999995,"failureMessages":[],"meta":{}},{"ancestorTitles":["agent permission routes"],"fullName":"agent permission routes exposes explicit task assignment access on agent detail","status":"passed","title":"exposes explicit task assignment access on agent detail","duration":279.98738500000036,"failureMessages":[],"meta":{}},{"ancestorTitles":["agent permission routes"],"fullName":"agent permission routes keeps task assignment enabled when agent creation privilege is enabled","status":"passed","title":"keeps task assignment enabled when agent creation privilege is enabled","duration":174.88912299999993,"failureMessages":[],"meta":{}},{"ancestorTitles":["agent permission routes"],"fullName":"agent permission routes exposes a dedicated agent route for the inbox mine view","status":"passed","title":"exposes a dedicated agent route for the inbox mine view","duration":231.26583699999992,"failureMessages":[],"meta":{}},{"ancestorTitles":["agent permission routes"],"fullName":"agent permission routes rejects heartbeat cancellation outside the caller company scope","status":"passed","title":"rejects heartbeat cancellation outside the caller company scope","duration":334.6039900000005,"failureMessages":[],"meta":{}}],"startTime":1776639318617,"endTime":1776639324877.604,"status":"passed","message":"","name":"/paperclip/workspaces/paperclip/server/src/__tests__/agent-permissions-routes.test.ts"},{"assertionResults":[{"ancestorTitles":["hasAgentShortnameCollision"],"fullName":"hasAgentShortnameCollision detects collisions by normalized shortname","status":"passed","title":"detects collisions by normalized shortname","duration":1.717109000000164,"failureMessages":[],"meta":{}},{"ancestorTitles":["hasAgentShortnameCollision"],"fullName":"hasAgentShortnameCollision ignores terminated agents","status":"passed","title":"ignores terminated agents","duration":0.21131800000011935,"failureMessages":[],"meta":{}},{"ancestorTitles":["hasAgentShortnameCollision"],"fullName":"hasAgentShortnameCollision ignores the excluded agent id","status":"passed","title":"ignores the excluded agent id","duration":0.17629200000010314,"failureMessages":[],"meta":{}},{"ancestorTitles":["hasAgentShortnameCollision"],"fullName":"hasAgentShortnameCollision does not collide when candidate has no shortname","status":"passed","title":"does not collide when candidate has no shortname","duration":0.14985300000012103,"failureMessages":[],"meta":{}},{"ancestorTitles":["deduplicateAgentName"],"fullName":"deduplicateAgentName returns original name when no collision","status":"passed","title":"returns original name when no collision","duration":0.20656899999994494,"failureMessages":[],"meta":{}},{"ancestorTitles":["deduplicateAgentName"],"fullName":"deduplicateAgentName appends suffix when name collides","status":"passed","title":"appends suffix when name collides","duration":0.47062800000003335,"failureMessages":[],"meta":{}},{"ancestorTitles":["deduplicateAgentName"],"fullName":"deduplicateAgentName increments suffix until unique","status":"passed","title":"increments suffix until unique","duration":0.18358599999987746,"failureMessages":[],"meta":{}},{"ancestorTitles":["deduplicateAgentName"],"fullName":"deduplicateAgentName ignores terminated agents for collision","status":"passed","title":"ignores terminated agents for collision","duration":0.34111299999995026,"failureMessages":[],"meta":{}}],"startTime":1776639332881,"endTime":1776639332884.4707,"status":"passed","message":"","name":"/paperclip/workspaces/paperclip/server/src/__tests__/agent-shortname-collision.test.ts"},{"assertionResults":[{"ancestorTitles":["agent skill contract"],"fullName":"agent skill contract accepts optional provenance metadata on skill entries","status":"passed","title":"accepts optional provenance metadata on skill entries","duration":2.950222999999994,"failureMessages":[],"meta":{}},{"ancestorTitles":["agent skill contract"],"fullName":"agent skill contract remains backward compatible with snapshots that omit provenance metadata","status":"passed","title":"remains backward compatible with snapshots that omit provenance metadata","duration":0.6911329999999793,"failureMessages":[],"meta":{}}],"startTime":1776639330529,"endTime":1776639330532.6912,"status":"passed","message":"","name":"/paperclip/workspaces/paperclip/server/src/__tests__/agent-skill-contract.test.ts"},{"assertionResults":[{"ancestorTitles":["agent skill routes"],"fullName":"agent skill routes skips runtime materialization when listing Claude skills","status":"passed","title":"skips runtime materialization when listing Claude skills","duration":2076.18017,"failureMessages":[],"meta":{}},{"ancestorTitles":["agent skill routes"],"fullName":"agent skill routes skips runtime materialization when listing Codex skills","status":"passed","title":"skips runtime materialization when listing Codex skills","duration":352.8832910000001,"failureMessages":[],"meta":{}},{"ancestorTitles":["agent skill routes"],"fullName":"agent skill routes keeps runtime materialization for persistent skill adapters","status":"passed","title":"keeps runtime materialization for persistent skill adapters","duration":208.96923100000004,"failureMessages":[],"meta":{}},{"ancestorTitles":["agent skill routes"],"fullName":"agent skill routes skips runtime materialization when syncing Claude skills","status":"passed","title":"skips runtime materialization when syncing Claude skills","duration":243.59772199999998,"failureMessages":[],"meta":{}},{"ancestorTitles":["agent skill routes"],"fullName":"agent skill routes canonicalizes desired skill references before syncing","status":"passed","title":"canonicalizes desired skill references before syncing","duration":169.6531789999999,"failureMessages":[],"meta":{}},{"ancestorTitles":["agent skill routes"],"fullName":"agent skill routes persists canonical desired skills when creating an agent directly","status":"passed","title":"persists canonical desired skills when creating an agent directly","duration":121.29007600000023,"failureMessages":[],"meta":{}},{"ancestorTitles":["agent skill routes"],"fullName":"agent skill routes materializes a managed AGENTS.md for directly created local agents","status":"passed","title":"materializes a managed AGENTS.md for directly created local agents","duration":159.67771700000003,"failureMessages":[],"meta":{}},{"ancestorTitles":["agent skill routes"],"fullName":"agent skill routes materializes the bundled CEO instruction set for default CEO agents","status":"passed","title":"materializes the bundled CEO instruction set for default CEO agents","duration":143.23556000000008,"failureMessages":[],"meta":{}},{"ancestorTitles":["agent skill routes"],"fullName":"agent skill routes materializes the bundled default instruction set for non-CEO agents with no prompt template","status":"passed","title":"materializes the bundled default instruction set for non-CEO agents with no prompt template","duration":168.66624800000045,"failureMessages":[],"meta":{}},{"ancestorTitles":["agent skill routes"],"fullName":"agent skill routes includes canonical desired skills in hire approvals","status":"passed","title":"includes canonical desired skills in hire approvals","duration":141.376706,"failureMessages":[],"meta":{}},{"ancestorTitles":["agent skill routes"],"fullName":"agent skill routes uses managed AGENTS config in hire approval payloads","status":"passed","title":"uses managed AGENTS config in hire approval payloads","duration":136.33683099999962,"failureMessages":[],"meta":{}}],"startTime":1776639318595,"endTime":1776639322518.337,"status":"passed","message":"","name":"/paperclip/workspaces/paperclip/server/src/__tests__/agent-skills-routes.test.ts"},{"assertionResults":[{"ancestorTitles":["resolveViteHmrPort"],"fullName":"resolveViteHmrPort uses serverPort + 10000 when the result stays in range","status":"passed","title":"uses serverPort + 10000 when the result stays in range","duration":0.9531679999995504,"failureMessages":[],"meta":{}},{"ancestorTitles":["resolveViteHmrPort"],"fullName":"resolveViteHmrPort falls back below the server port when adding 10000 would overflow","status":"passed","title":"falls back below the server port when adding 10000 would overflow","duration":0.1400140000000647,"failureMessages":[],"meta":{}},{"ancestorTitles":["resolveViteHmrPort"],"fullName":"resolveViteHmrPort never returns a privileged or invalid port","status":"passed","title":"never returns a privileged or invalid port","duration":0.1259979999999814,"failureMessages":[],"meta":{}}],"startTime":1776639336184,"endTime":1776639336185.14,"status":"passed","message":"","name":"/paperclip/workspaces/paperclip/server/src/__tests__/app-hmr-port.test.ts"},{"assertionResults":[{"ancestorTitles":["shouldEnablePrivateHostnameGuard"],"fullName":"shouldEnablePrivateHostnameGuard enables the hostname guard for local_trusted private deployments","status":"passed","title":"enables the hostname guard for local_trusted private deployments","duration":0.9752090000001772,"failureMessages":[],"meta":{}},{"ancestorTitles":["shouldEnablePrivateHostnameGuard"],"fullName":"shouldEnablePrivateHostnameGuard does not enable the hostname guard for local_trusted public deployments","status":"passed","title":"does not enable the hostname guard for local_trusted public deployments","duration":0.1150870000001305,"failureMessages":[],"meta":{}},{"ancestorTitles":["shouldEnablePrivateHostnameGuard"],"fullName":"shouldEnablePrivateHostnameGuard enables the hostname guard for authenticated private deployments","status":"passed","title":"enables the hostname guard for authenticated private deployments","duration":0.10226299999976618,"failureMessages":[],"meta":{}},{"ancestorTitles":["shouldEnablePrivateHostnameGuard"],"fullName":"shouldEnablePrivateHostnameGuard does not enable the hostname guard for authenticated public deployments","status":"passed","title":"does not enable the hostname guard for authenticated public deployments","duration":0.09583000000020547,"failureMessages":[],"meta":{}}],"startTime":1776639336181,"endTime":1776639336183.096,"status":"passed","message":"","name":"/paperclip/workspaces/paperclip/server/src/__tests__/app-private-hostname-gate.test.ts"},{"assertionResults":[{"ancestorTitles":["shouldServeViteDevHtml"],"fullName":"shouldServeViteDevHtml serves HTML shell for document requests","status":"passed","title":"serves HTML shell for document requests","duration":1.102849999999762,"failureMessages":[],"meta":{}},{"ancestorTitles":["shouldServeViteDevHtml"],"fullName":"shouldServeViteDevHtml skips public assets even when the client accepts */*","status":"passed","title":"skips public assets even when the client accepts */*","duration":0.14935200000036275,"failureMessages":[],"meta":{}},{"ancestorTitles":["shouldServeViteDevHtml"],"fullName":"shouldServeViteDevHtml skips vite asset requests","status":"passed","title":"skips vite asset requests","duration":0.13595699999996214,"failureMessages":[],"meta":{}}],"startTime":1776639336184,"endTime":1776639336185.1494,"status":"passed","message":"","name":"/paperclip/workspaces/paperclip/server/src/__tests__/app-vite-dev-routing.test.ts"},{"assertionResults":[{"ancestorTitles":["approval routes idempotent retries"],"fullName":"approval routes idempotent retries does not emit duplicate approval side effects when approve is already resolved","status":"passed","title":"does not emit duplicate approval side effects when approve is already resolved","duration":217.238293,"failureMessages":[],"meta":{}},{"ancestorTitles":["approval routes idempotent retries"],"fullName":"approval routes idempotent retries does not emit duplicate rejection logs when reject is already resolved","status":"passed","title":"does not emit duplicate rejection logs when reject is already resolved","duration":119.61773300000004,"failureMessages":[],"meta":{}},{"ancestorTitles":["approval routes idempotent retries"],"fullName":"approval routes idempotent retries rejects approval decisions for companies outside the caller scope","status":"passed","title":"rejects approval decisions for companies outside the caller scope","duration":116.952807,"failureMessages":[],"meta":{}},{"ancestorTitles":["approval routes idempotent retries"],"fullName":"approval routes idempotent retries rejects approval revision requests for companies outside the caller scope","status":"passed","title":"rejects approval revision requests for companies outside the caller scope","duration":165.2930060000001,"failureMessages":[],"meta":{}},{"ancestorTitles":["approval routes idempotent retries"],"fullName":"approval routes idempotent retries derives approval attribution from the authenticated actor on approve","status":"passed","title":"derives approval attribution from the authenticated actor on approve","duration":153.693041,"failureMessages":[],"meta":{}},{"ancestorTitles":["approval routes idempotent retries"],"fullName":"approval routes idempotent retries derives approval attribution from the authenticated actor on reject","status":"passed","title":"derives approval attribution from the authenticated actor on reject","duration":73.63110200000006,"failureMessages":[],"meta":{}},{"ancestorTitles":["approval routes idempotent retries"],"fullName":"approval routes idempotent retries derives approval attribution from the authenticated actor on request revision","status":"passed","title":"derives approval attribution from the authenticated actor on request revision","duration":72.12293799999998,"failureMessages":[],"meta":{}},{"ancestorTitles":["approval routes idempotent retries"],"fullName":"approval routes idempotent retries lets agents create generic issue-linked board approval requests","status":"passed","title":"lets agents create generic issue-linked board approval requests","duration":121.77901799999995,"failureMessages":[],"meta":{}}],"startTime":1776639325433,"endTime":1776639326474.779,"status":"passed","message":"","name":"/paperclip/workspaces/paperclip/server/src/__tests__/approval-routes-idempotency.test.ts"},{"assertionResults":[{"ancestorTitles":["approvalService resolution idempotency"],"fullName":"approvalService resolution idempotency treats repeated approve retries as no-ops after another worker resolves the approval","status":"passed","title":"treats repeated approve retries as no-ops after another worker resolves the approval","duration":4.761379000000034,"failureMessages":[],"meta":{}},{"ancestorTitles":["approvalService resolution idempotency"],"fullName":"approvalService resolution idempotency treats repeated reject retries as no-ops after another worker resolves the approval","status":"passed","title":"treats repeated reject retries as no-ops after another worker resolves the approval","duration":0.7241159999998672,"failureMessages":[],"meta":{}},{"ancestorTitles":["approvalService resolution idempotency"],"fullName":"approvalService resolution idempotency still performs side effects when the resolution update is newly applied","status":"passed","title":"still performs side effects when the resolution update is newly applied","duration":1.1879200000000765,"failureMessages":[],"meta":{}}],"startTime":1776639331577,"endTime":1776639331584.188,"status":"passed","message":"","name":"/paperclip/workspaces/paperclip/server/src/__tests__/approvals-service.test.ts"},{"assertionResults":[{"ancestorTitles":["POST /api/companies/:companyId/assets/images"],"fullName":"POST /api/companies/:companyId/assets/images accepts PNG image uploads and returns an asset path","status":"passed","title":"accepts PNG image uploads and returns an asset path","duration":746.7332349999999,"failureMessages":[],"meta":{}},{"ancestorTitles":["POST /api/companies/:companyId/assets/images"],"fullName":"POST /api/companies/:companyId/assets/images allows supported non-image attachments outside the company logo flow","status":"passed","title":"allows supported non-image attachments outside the company logo flow","duration":61.576650999999856,"failureMessages":[],"meta":{}},{"ancestorTitles":["POST /api/companies/:companyId/logo"],"fullName":"POST /api/companies/:companyId/logo accepts PNG logo uploads and returns an asset path","status":"passed","title":"accepts PNG logo uploads and returns an asset path","duration":96.727126,"failureMessages":[],"meta":{}},{"ancestorTitles":["POST /api/companies/:companyId/logo"],"fullName":"POST /api/companies/:companyId/logo sanitizes SVG logo uploads before storing them","status":"passed","title":"sanitizes SVG logo uploads before storing them","duration":171.64157799999998,"failureMessages":[],"meta":{}},{"ancestorTitles":["POST /api/companies/:companyId/logo"],"fullName":"POST /api/companies/:companyId/logo allows logo uploads within the general attachment limit","status":"passed","title":"allows logo uploads within the general attachment limit","duration":134.21939799999996,"failureMessages":[],"meta":{}},{"ancestorTitles":["POST /api/companies/:companyId/logo"],"fullName":"POST /api/companies/:companyId/logo rejects logo files larger than the general attachment limit","status":"passed","title":"rejects logo files larger than the general attachment limit","duration":126.40689599999996,"failureMessages":[],"meta":{}},{"ancestorTitles":["POST /api/companies/:companyId/logo"],"fullName":"POST /api/companies/:companyId/logo rejects unsupported image types","status":"passed","title":"rejects unsupported image types","duration":113.00559300000009,"failureMessages":[],"meta":{}},{"ancestorTitles":["POST /api/companies/:companyId/logo"],"fullName":"POST /api/companies/:companyId/logo rejects SVG image uploads that cannot be sanitized","status":"passed","title":"rejects SVG image uploads that cannot be sanitized","duration":72.48518099999978,"failureMessages":[],"meta":{}}],"startTime":1776639321474,"endTime":1776639322998.485,"status":"passed","message":"","name":"/paperclip/workspaces/paperclip/server/src/__tests__/assets.test.ts"},{"assertionResults":[{"ancestorTitles":["parseAllowedTypes"],"fullName":"parseAllowedTypes returns default image types when input is undefined","status":"passed","title":"returns default image types when input is undefined","duration":2.2106990000000053,"failureMessages":[],"meta":{}},{"ancestorTitles":["parseAllowedTypes"],"fullName":"parseAllowedTypes returns default image types when input is empty string","status":"passed","title":"returns default image types when input is empty string","duration":0.2758299999999849,"failureMessages":[],"meta":{}},{"ancestorTitles":["parseAllowedTypes"],"fullName":"parseAllowedTypes parses comma-separated types","status":"passed","title":"parses comma-separated types","duration":0.24149500000001467,"failureMessages":[],"meta":{}},{"ancestorTitles":["parseAllowedTypes"],"fullName":"parseAllowedTypes trims whitespace","status":"passed","title":"trims whitespace","duration":0.1904090000000167,"failureMessages":[],"meta":{}},{"ancestorTitles":["parseAllowedTypes"],"fullName":"parseAllowedTypes lowercases entries","status":"passed","title":"lowercases entries","duration":0.26448899999999753,"failureMessages":[],"meta":{}},{"ancestorTitles":["parseAllowedTypes"],"fullName":"parseAllowedTypes filters empty segments","status":"passed","title":"filters empty segments","duration":0.20021799999997825,"failureMessages":[],"meta":{}},{"ancestorTitles":["matchesContentType"],"fullName":"matchesContentType matches exact types","status":"passed","title":"matches exact types","duration":0.48021600000001285,"failureMessages":[],"meta":{}},{"ancestorTitles":["matchesContentType"],"fullName":"matchesContentType matches /* wildcard patterns","status":"passed","title":"matches /* wildcard patterns","duration":0.17722399999999539,"failureMessages":[],"meta":{}},{"ancestorTitles":["matchesContentType"],"fullName":"matchesContentType matches .* wildcard patterns","status":"passed","title":"matches .* wildcard patterns","duration":0.15589399999998932,"failureMessages":[],"meta":{}},{"ancestorTitles":["matchesContentType"],"fullName":"matchesContentType is case-insensitive","status":"passed","title":"is case-insensitive","duration":0.18999900000000025,"failureMessages":[],"meta":{}},{"ancestorTitles":["matchesContentType"],"fullName":"matchesContentType combines exact and wildcard patterns","status":"passed","title":"combines exact and wildcard patterns","duration":0.32138599999998974,"failureMessages":[],"meta":{}},{"ancestorTitles":["matchesContentType"],"fullName":"matchesContentType handles plain * as allow-all wildcard","status":"passed","title":"handles plain * as allow-all wildcard","duration":0.3693659999999852,"failureMessages":[],"meta":{}},{"ancestorTitles":["normalizeContentType"],"fullName":"normalizeContentType lowercases and trims explicit types","status":"passed","title":"lowercases and trims explicit types","duration":0.14161699999999655,"failureMessages":[],"meta":{}},{"ancestorTitles":["normalizeContentType"],"fullName":"normalizeContentType falls back to octet-stream when the type is missing","status":"passed","title":"falls back to octet-stream when the type is missing","duration":0.14737800000000334,"failureMessages":[],"meta":{}},{"ancestorTitles":["isInlineAttachmentContentType"],"fullName":"isInlineAttachmentContentType allows the configured inline-safe types","status":"passed","title":"allows the configured inline-safe types","duration":0.2180309999999963,"failureMessages":[],"meta":{}},{"ancestorTitles":["isInlineAttachmentContentType"],"fullName":"isInlineAttachmentContentType rejects potentially unsafe or binary download types","status":"passed","title":"rejects potentially unsafe or binary download types","duration":1.017608999999993,"failureMessages":[],"meta":{}}],"startTime":1776639330120,"endTime":1776639330127.0176,"status":"passed","message":"","name":"/paperclip/workspaces/paperclip/server/src/__tests__/attachment-types.test.ts"},{"assertionResults":[{"ancestorTitles":["boardMutationGuard"],"fullName":"boardMutationGuard allows safe methods for board actor","status":"passed","title":"allows safe methods for board actor","duration":22.612983000000042,"failureMessages":[],"meta":{}},{"ancestorTitles":["boardMutationGuard"],"fullName":"boardMutationGuard blocks board mutations without trusted origin","status":"passed","title":"blocks board mutations without trusted origin","duration":3.439946999999961,"failureMessages":[],"meta":{}},{"ancestorTitles":["boardMutationGuard"],"fullName":"boardMutationGuard allows local implicit board mutations without origin","status":"passed","title":"allows local implicit board mutations without origin","duration":14.01185300000003,"failureMessages":[],"meta":{}},{"ancestorTitles":["boardMutationGuard"],"fullName":"boardMutationGuard allows board bearer-key mutations without origin","status":"passed","title":"allows board bearer-key mutations without origin","duration":3.674920000000043,"failureMessages":[],"meta":{}},{"ancestorTitles":["boardMutationGuard"],"fullName":"boardMutationGuard allows board mutations from trusted origin","status":"passed","title":"allows board mutations from trusted origin","duration":2.8492929999999888,"failureMessages":[],"meta":{}},{"ancestorTitles":["boardMutationGuard"],"fullName":"boardMutationGuard allows board mutations from trusted referer origin","status":"passed","title":"allows board mutations from trusted referer origin","duration":2.3971799999999917,"failureMessages":[],"meta":{}},{"ancestorTitles":["boardMutationGuard"],"fullName":"boardMutationGuard allows board mutations when x-forwarded-host matches origin","status":"passed","title":"allows board mutations when x-forwarded-host matches origin","duration":2.0788599999999633,"failureMessages":[],"meta":{}},{"ancestorTitles":["boardMutationGuard"],"fullName":"boardMutationGuard blocks board mutations when x-forwarded-host does not match origin","status":"passed","title":"blocks board mutations when x-forwarded-host does not match origin","duration":0.6686310000000049,"failureMessages":[],"meta":{}},{"ancestorTitles":["boardMutationGuard"],"fullName":"boardMutationGuard does not block authenticated agent mutations","status":"passed","title":"does not block authenticated agent mutations","duration":0.4888119999999958,"failureMessages":[],"meta":{}}],"startTime":1776639327374,"endTime":1776639327426.6687,"status":"passed","message":"","name":"/paperclip/workspaces/paperclip/server/src/__tests__/board-mutation-guard.test.ts"},{"assertionResults":[{"ancestorTitles":["budgetService"],"fullName":"budgetService creates a hard-stop incident and pauses an agent when spend exceeds a budget","status":"passed","title":"creates a hard-stop incident and pauses an agent when spend exceeds a budget","duration":10.70566800000006,"failureMessages":[],"meta":{}},{"ancestorTitles":["budgetService"],"fullName":"budgetService blocks new work when an agent hard-stop remains exceeded even if the agent is not paused yet","status":"passed","title":"blocks new work when an agent hard-stop remains exceeded even if the agent is not paused yet","duration":1.7127689999999802,"failureMessages":[],"meta":{}},{"ancestorTitles":["budgetService"],"fullName":"budgetService surfaces a budget-owned company pause distinctly from a manual pause","status":"passed","title":"surfaces a budget-owned company pause distinctly from a manual pause","duration":1.088452999999845,"failureMessages":[],"meta":{}},{"ancestorTitles":["budgetService"],"fullName":"budgetService uses live observed spend when raising a budget incident","status":"passed","title":"uses live observed spend when raising a budget incident","duration":3.964416999999912,"failureMessages":[],"meta":{}},{"ancestorTitles":["budgetService"],"fullName":"budgetService syncs company monthly budget when raising and resuming a company incident","status":"passed","title":"syncs company monthly budget when raising and resuming a company incident","duration":1.6766020000000026,"failureMessages":[],"meta":{}}],"startTime":1776639330189,"endTime":1776639330208.6765,"status":"passed","message":"","name":"/paperclip/workspaces/paperclip/server/src/__tests__/budgets-service.test.ts"},{"assertionResults":[{"ancestorTitles":["claude_local environment diagnostics"],"fullName":"claude_local environment diagnostics returns a warning (not an error) when ANTHROPIC_API_KEY is set in host environment","status":"passed","title":"returns a warning (not an error) when ANTHROPIC_API_KEY is set in host environment","duration":4.049646999999993,"failureMessages":[],"meta":{}},{"ancestorTitles":["claude_local environment diagnostics"],"fullName":"claude_local environment diagnostics returns a warning (not an error) when ANTHROPIC_API_KEY is set in adapter env","status":"passed","title":"returns a warning (not an error) when ANTHROPIC_API_KEY is set in adapter env","duration":0.8147359999999821,"failureMessages":[],"meta":{}},{"ancestorTitles":["claude_local environment diagnostics"],"fullName":"claude_local environment diagnostics returns bedrock auth info when CLAUDE_CODE_USE_BEDROCK is set in host environment","status":"passed","title":"returns bedrock auth info when CLAUDE_CODE_USE_BEDROCK is set in host environment","durat
[...]
,"meta":{}},{"ancestorTitles":["buildFeedbackTraceQuery"],"fullName":"buildFeedbackTraceQuery encodes all supported filters","status":"passed","title":"encodes all supported filters","duration":0.5119660000000295,"failureMessages":[],"meta":{}},{"ancestorTitles":["renderFeedbackReport"],"fullName":"renderFeedbackReport includes summary counts and the optional reason","status":"passed","title":"includes summary counts and the optional reason","duration":1.1592660000000024,"failureMessages":[],"meta":{}},{"ancestorTitles":["writeFeedbackExportBundle"],"fullName":"writeFeedbackExportBundle writes votes, traces, a manifest, and a zip archive","status":"passed","title":"writes votes, traces, a manifest, and a zip archive","duration":15.545485999999983,"failureMessages":[],"meta":{}}],"startTime":1776639328285,"endTime":1776639328308.5454,"status":"passed","message":"","name":"/paperclip/workspaces/paperclip/cli/src/__tests__/feedback.test.ts"},{"assertionResults":[{"ancestorTitles":["home path resolution"],"fullName":"home path resolution defaults to ~/.paperclip and default instance","status":"passed","title":"defaults to ~/.paperclip and default instance","duration":2.435512000000017,"failureMessages":[],"meta":{}},{"ancestorTitles":["home path resolution"],"fullName":"home path resolution supports PAPERCLIP_HOME and explicit instance ids","status":"passed","title":"supports PAPERCLIP_HOME and explicit instance ids","duration":0.40255899999999656,"failureMessages":[],"meta":{}},{"ancestorTitles":["home path resolution"],"fullName":"home path resolution rejects invalid instance ids","status":"passed","title":"rejects invalid instance ids","duration":1.03643500000004,"failureMessages":[],"meta":{}},{"ancestorTitles":["home path resolution"],"fullName":"home path resolution expands ~ prefixes","status":"passed","title":"expands ~ prefixes","duration":0.2503120000000081,"failureMessages":[],"meta":{}}],"startTime":1776639331130,"endTime":1776639331134.2502,"status":"passed","message":"","name":"/paperclip/workspaces/paperclip/cli/src/__tests__/home-paths.test.ts"},{"assertionResults":[{"ancestorTitles":["PaperclipApiClient"],"fullName":"PaperclipApiClient adds authorization and run-id headers","status":"passed","title":"adds authorization and run-id headers","duration":7.283556000000033,"failureMessages":[],"meta":{}},{"ancestorTitles":["PaperclipApiClient"],"fullName":"PaperclipApiClient returns null on ignoreNotFound","status":"passed","title":"returns null on ignoreNotFound","duration":0.9438900000000103,"failureMessages":[],"meta":{}},{"ancestorTitles":["PaperclipApiClient"],"fullName":"PaperclipApiClient throws ApiRequestError with details","status":"passed","title":"throws ApiRequestError with details","duration":2.7376620000000003,"failureMessages":[],"meta":{}},{"ancestorTitles":["PaperclipApiClient"],"fullName":"PaperclipApiClient throws ApiConnectionError with recovery guidance when fetch fails","status":"passed","title":"throws ApiConnectionError with recovery guidance when fetch fails","duration":2.7368609999999762,"failureMessages":[],"meta":{}},{"ancestorTitles":["PaperclipApiClient"],"fullName":"PaperclipApiClient retries once after interactive auth recovery","status":"passed","title":"retries once after interactive auth recovery","duration":1.3052109999999857,"failureMessages":[],"meta":{}}],"startTime":1776639329421,"endTime":1776639329436.3052,"status":"passed","message":"","name":"/paperclip/workspaces/paperclip/cli/src/__tests__/http.test.ts"},{"assertionResults":[{"ancestorTitles":["network bind helpers"],"fullName":"network bind helpers rejects non-loopback bind modes in local_trusted","status":"passed","title":"rejects non-loopback bind modes in local_trusted","duration":1.8216049999999768,"failureMessages":[],"meta":{}},{"ancestorTitles":["network bind helpers"],"fullName":"network bind helpers resolves tailnet bind using the detected tailscale address","status":"passed","title":"resolves tailnet bind using the detected tailscale address","duration":0.6679190000000972,"failureMessages":[],"meta":{}},{"ancestorTitles":["network bind helpers"],"fullName":"network bind helpers requires a custom bind host when bind=custom","status":"passed","title":"requires a custom bind host when bind=custom","duration":0.23076500000001943,"failureMessages":[],"meta":{}},{"ancestorTitles":["network bind helpers"],"fullName":"network bind helpers stores the detected tailscale address for tailnet presets","status":"passed","title":"stores the detected tailscale address for tailnet presets","duration":0.24422999999990225,"failureMessages":[],"meta":{}},{"ancestorTitles":["network bind helpers"],"fullName":"network bind helpers falls back to loopback when no tailscale address is available for tailnet presets","status":"passed","title":"falls back to loopback when no tailscale address is available for tailnet presets","duration":2.7776079999999865,"failureMessages":[],"meta":{}}],"startTime":1776639330150,"endTime":1776639330155.7776,"status":"passed","message":"","name":"/paperclip/workspaces/paperclip/cli/src/__tests__/network-bind.test.ts"},{"assertionResults":[{"ancestorTitles":["onboard"],"fullName":"onboard preserves an existing config when rerun without flags","status":"passed","title":"preserves an existing config when rerun without flags","duration":9.35277700000006,"failureMessages":[],"meta":{}},{"ancestorTitles":["onboard"],"fullName":"onboard preserves an existing config when rerun with --yes","status":"passed","title":"preserves an existing config when rerun with --yes","duration":2.5097030000001723,"failureMessages":[],"meta":{}},{"ancestorTitles":["onboard"],"fullName":"onboard keeps --yes onboarding on local trusted loopback defaults","status":"passed","title":"keeps --yes onboarding on local trusted loopback defaults","duration":3.0267079999998714,"failureMessages":[],"meta":{}},{"ancestorTitles":["onboard"],"fullName":"onboard supports authenticated/private quickstart bind presets","status":"passed","title":"supports authenticated/private quickstart bind presets","duration":79.48837800000001,"failureMessages":[],"meta":{}},{"ancestorTitles":["onboard"],"fullName":"onboard keeps tailnet quickstart on loopback until tailscale is available","status":"passed","title":"keeps tailnet quickstart on loopback until tailscale is available","duration":27.62370200000032,"failureMessages":[],"meta":{}},{"ancestorTitles":["onboard"],"fullName":"onboard ignores deployment env overrides during --yes quickstart","status":"passed","title":"ignores deployment env overrides during --yes quickstart","duration":1.9484940000002098,"failureMessages":[],"meta":{}}],"startTime":1776639329912,"endTime":1776639330035.9485,"status":"passed","message":"","name":"/paperclip/workspaces/paperclip/cli/src/__tests__/onboard.test.ts"},{"assertionResults":[{"ancestorTitles":["disableAllRoutinesInConfig"],"fullName":"disableAllRoutinesInConfig pauses only non-archived routines for the selected company","status":"passed","title":"pauses only non-archived routines for the selected company","duration":163.3449929999988,"failureMessages":[],"meta":{}}],"startTime":1776639326227,"endTime":1776639326390.345,"status":"passed","message":"","name":"/paperclip/workspaces/paperclip/cli/src/__tests__/routines.test.ts"},{"assertionResults":[{"ancestorTitles":["cli telemetry"],"fullName":"cli telemetry respects telemetry.enabled=false from the config file","status":"passed","title":"respects telemetry.enabled=false from the config file","duration":142.830246,"failureMessages":[],"meta":{}},{"ancestorTitles":["cli telemetry"],"fullName":"cli telemetry creates telemetry state only after the first event is tracked","status":"passed","title":"creates telemetry state only after the first event is tracked","duration":24.845643999999993,"failureMessages":[],"meta":{}}],"startTime":1776639326071,"endTime":1776639326238.8457,"status":"passed","message":"","name":"/paperclip/workspaces/paperclip/cli/src/__tests__/telemetry.test.ts"},{"assertionResults":[{"ancestorTitles":["worktree merge history planner"],"fullName":"worktree merge history planner parses default scopes","status":"passed","title":"parses default scopes","duration":1.2802350000000047,"failureMessages":[],"meta":{}},{"ancestorTitles":["worktree merge history planner"],"fullName":"worktree merge history planner dedupes nested worktree issues by preserved source uuid","status":"passed","title":"dedupes nested worktree issues by preserved source uuid","duration":1.4966929999999934,"failureMessages":[],"meta":{}},{"ancestorTitles":["worktree merge history planner"],"fullName":"worktree merge history planner clears missing references and coerces in_progress without an assignee","status":"passed","title":"clears missing references and coerces in_progress without an assignee","duration":0.3442190000000096,"failureMessages":[],"meta":{}},{"ancestorTitles":["worktree merge history planner"],"fullName":"worktree merge history planner applies an explicit project mapping override instead of clearing the project","status":"passed","title":"applies an explicit project mapping override instead of clearing the project","duration":0.293042000000014,"failureMessages":[],"meta":{}},{"ancestorTitles":["worktree merge history planner"],"fullName":"worktree merge history planner plans selected project imports and preserves project workspace links","status":"passed","title":"plans selected project imports and preserves project workspace links","duration":0.49582500000002483,"failureMessages":[],"meta":{}},{"ancestorTitles":["worktree merge history planner"],"fullName":"worktree merge history planner imports comments onto shared or newly imported issues while skipping existing comments","status":"passed","title":"imports comments onto shared or newly imported issues while skipping existing comments","duration":7.852958000000001,"failureMessages":[],"meta":{}},{"ancestorTitles":["worktree merge history planner"],"fullName":"worktree merge history planner merges document revisions onto an existing shared document and renumbers conflicts","status":"passed","title":"merges document revisions onto an existing shared document and renumbers conflicts","duration":1.6881839999999784,"failureMessages":[],"meta":{}},{"ancestorTitles":["worktree merge history planner"],"fullName":"worktree merge history planner imports attachments while clearing missing comment and author references","status":"passed","title":"imports attachments while clearing missing comment and author references","duration":0.39903299999997444,"failureMessages":[],"meta":{}}],"startTime":1776639328275,"endTime":1776639328288.6882,"status":"passed","message":"","name":"/paperclip/workspaces/paperclip/cli/src/__tests__/worktree-merge-history.test.ts"},{"assertionResults":[{"ancestorTitles":["worktree helpers"],"fullName":"worktree helpers sanitizes instance ids","status":"passed","title":"sanitizes instance ids","duration":1.9188580000000002,"failureMessages":[],"meta":{}},{"ancestorTitles":["worktree helpers"],"fullName":"worktree helpers resolves worktree:make target paths under the user home directory","status":"passed","title":"resolves worktree:make target paths under the user home directory","duration":0.5136890000003405,"failureMessages":[],"meta":{}},{"ancestorTitles":["worktree helpers"],"fullName":"worktree helpers rejects worktree:make names that are not safe directory/branch names","status":"passed","title":"rejects worktree:make names that are not safe directory/branch names","duration":1.1909550000000309,"failureMessages":[],"meta":{}},{"ancestorTitles":["worktree helpers"],"fullName":"worktree helpers builds git worktree add args for new and existing branches","status":"passed","title":"builds git worktree add args for new and existing branches","duration":0.9954170000000886,"failureMessages":[],"meta":{}},{"ancestorTitles":["worktree helpers"],"fullName":"worktree helpers builds git worktree add args with a start point","status":"passed","title":"builds git worktree add args with a start point","duration":0.42390899999918474,"failureMessages":[],"meta":{}},{"ancestorTitles":["worktree helpers"],"fullName":"worktree helpers uses start point even when a local branch with the same name exists","status":"passed","title":"uses start point even when a local branch with the same name exists","duration":0.4095629999992525,"failureMessages":[],"meta":{}},{"ancestorTitles":["worktree helpers"],"fullName":"worktree helpers rewrites loopback auth URLs to the new port only","status":"passed","title":"rewrites loopback auth URLs to the new port only","duration":0.4407209999999395,"failureMessages":[],"meta":{}},{"ancestorTitles":["worktree helpers"],"fullName":"worktree helpers builds isolated config and env paths for a worktree","status":"passed","title":"builds isolated config and env paths for a worktree","duration":2.099920999999995,"failureMessages":[],"meta":{}},{"ancestorTitles":["worktree helpers"],"fullName":"worktree helpers falls back across storage roots before skipping a missing attachment object","status":"passed","title":"falls back across storage roots before skipping a missing attachment object","duration":3.253625999999713,"failureMessages":[],"meta":{}},{"ancestorTitles":["worktree helpers"],"fullName":"worktree helpers returns null when an attachment object is missing from every lookup storage","status":"passed","title":"returns null when an attachment object is missing from every lookup storage","duration":0.8366579999992609,"failureMessages":[],"meta":{}},{"ancestorTitles":["worktree helpers"],"fullName":"worktree helpers generates vivid worktree colors as hex","status":"passed","title":"generates vivid worktree colors as hex","duration":0.6876369999999952,"failureMessages":[],"meta":{}},{"ancestorTitles":["worktree helpers"],"fullName":"worktree helpers uses minimal seed mode to keep app state but drop heavy runtime history","status":"passed","title":"uses minimal seed mode to keep app state but drop heavy runtime history","duration":1.2307510000000548,"failureMessages":[],"meta":{}},{"ancestorTitles":["worktree helpers"],"fullName":"worktree helpers copies the source local_encrypted secrets key into the seeded worktree instance","status":"passed","title":"copies the source local_encrypted secrets key into the seeded worktree instance","duration":2.8467179999997825,"failureMessages":[],"meta":{}},{"ancestorTitles":["worktree helpers"],"fullName":"worktree helpers writes the source inline secrets master key into the seeded worktree instance","status":"passed","title":"writes the source inline secrets master key into the seeded worktree instance","duration":1.4541619999999966,"failureMessages":[],"meta":{}},{"ancestorTitles":["worktree helpers"],"fullName":"worktree helpers persists the current agent jwt secret into the worktree env file","status":"passed","title":"persists the current agent jwt secret into the worktree env file","duration":18.66940599999998,"failureMessages":[],"meta":{}},{"ancestorTitles":["worktree helpers"],"fullName":"worktree helpers avoids ports already claimed by sibling worktree instance configs","status":"passed","title":"avoids ports already claimed by sibling worktree instance configs","duration":19.473633000000518,"failureMessages":[],"meta":{}},{"ancestorTitles":["worktree helpers"],"fullName":"worktree helpers defaults the seed source config to the current repo-local Paperclip config","status":"passed","title":"defaults the seed source config to the current repo-local Paperclip config","duration":5.554885999999897,"failureMessages":[],"meta":{}},{"ancestorTitles":["worktree helpers"],"fullName":"worktree helpers preserves the source config path across worktree:make cwd changes","status":"passed","title":"preserves the source config path across worktree:make cwd changes","duration":1.6304949999994278,"failureMessages":[],"meta":{}},{"ancestorTitles":["worktree helpers"],"fullName":"worktree helpers requires an explicit reseed source","status":"passed","title":"requires an explicit reseed source","duration":0.568782999999712,"failureMessages":[],"meta":{}},{"ancestorTitles":["worktree helpers"],"fullName":"worktree helpers rejects mixed reseed source selectors","status":"passed","title":"rejects mixed reseed source selectors","duration":0.45337500000005093,"failureMessages":[],"meta":{}},{"ancestorTitles":["worktree helpers"],"fullName":"worktree helpers derives worktree reseed target paths from the adjacent env file","status":"passed","title":"derives worktree reseed target paths from the adjacent env file","duration":2.5223460000006526,"failureMessages":[],"meta":{}},{"ancestorTitles":["worktree helpers"],"fullName":"worktree helpers rejects reseed targets without worktree env metadata","status":"passed","title":"rejects reseed targets without worktree env metadata","duration":1.6530769999999393,"failureMessages":[],"meta":{}},{"ancestorTitles":["worktree helpers"],"fullName":"worktree helpers reseed preserves the current worktree ports, instance id, and branding","status":"passed","title":"reseed preserves the current worktree ports, instance id, and branding","duration":6357.739866,"failureMessages":[],"meta":{}},{"ancestorTitles":["worktree helpers"],"fullName":"worktree helpers restores the current worktree config and instance data if reseed fails","status":"passed","title":"restores the current worktree config and instance data if reseed fails","duration":7.522635999999693,"failureMessages":[],"meta":{}},{"ancestorTitles":["worktree helpers"],"fullName":"worktree helpers rebinds same-repo workspace paths onto the current worktree root","status":"passed","title":"rebinds same-repo workspace paths onto the current worktree root","duration":0.5376329999999143,"failureMessages":[],"meta":{}},{"ancestorTitles":["worktree helpers"],"fullName":"worktree helpers does not rebind paths outside the source repo root","status":"passed","title":"does not rebind paths outside the source repo root","duration":0.3889440000002651,"failureMessages":[],"meta":{}},{"ancestorTitles":["worktree helpers"],"fullName":"worktree helpers copies shared git hooks into a linked worktree git dir","status":"passed","title":"copies shared git hooks into a linked worktree git dir","duration":81.6287740000007,"failureMessages":[],"meta":{}},{"ancestorTitles":["worktree helpers"],"fullName":"worktree helpers creates and initializes a worktree from the top-level worktree:make command","status":"passed","title":"creates and initializes a worktree from the top-level worktree:make command","duration":556.8479240000015,"failureMessages":[],"meta":{}},{"ancestorTitles":["worktree helpers"],"fullName":"worktree helpers no-ops on the primary checkout unless --branch is provided","status":"passed","title":"no-ops on the primary checkout unless --branch is provided","duration":50.17800499999976,"failureMessages":[],"meta":{}},{"ancestorTitles":["worktree helpers"],"fullName":"worktree helpers repairs the current linked worktree when Paperclip metadata is missing","status":"passed","title":"repairs the current linked worktree when Paperclip metadata is missing","duration":101.49419699999999,"failureMessages":[],"meta":{}},{"ancestorTitles":["worktree helpers"],"fullName":"worktree helpers creates and repairs a missing branch worktree when --branch is provided","status":"passed","title":"creates and repairs a missing branch worktree when --branch is provided","duration":628.4079700000002,"failureMessages":[],"meta":{}},{"ancestorTitles":["pauseSeededScheduledRoutines"],"fullName":"pauseSeededScheduledRoutines pauses only routines with enabled schedule triggers","status":"passed","title":"pauses only routines with enabled schedule triggers","duration":2220.137073,"failureMessages":[],"meta":{}}],"startTime":1776639322777,"endTime":1776639332852.137,"status":"passed","message":"","name":"/paperclip/workspaces/paperclip/cli/src/__tests__/worktree.test.ts"}]}